<?xml version="1.0" encoding="UTF-8"?>
<!-- Generated by org.testng.reporters.JUnitReportReporter -->
<testsuite skipped="0" hostname="minds" name="Annotations_in_TestNG" tests="3" failures="0" timestamp="15 May 2019 06:47:42 GMT" time="0.063" errors="0">
  <testcase name="multiply" time="0.011" classname="Annotations_in_TestNG"/>
  <testcase name="subtraction1" time="0.013" classname="Annotations_in_TestNG"/>
  <testcase name="addition" time="0.039" classname="Annotations_in_TestNG"/>
</testsuite> <!-- Annotations_in_TestNG -->
