<?xml version="1.0" encoding="UTF-8"?>
<!-- Generated by org.testng.reporters.JUnitReportReporter -->
<testsuite skipped="0" hostname="minds" name="Annotations_in_TestNG1" tests="2" failures="0" timestamp="15 May 2019 06:56:55 GMT" time="0.012" errors="0">
  <testcase name="testCase1" time="0.007" classname="Annotations_in_TestNG1"/>
  <testcase name="testCase2" time="0.005" classname="Annotations_in_TestNG1"/>
</testsuite> <!-- Annotations_in_TestNG1 -->
