<?xml version="1.0" encoding="UTF-8"?>
<!-- Generated by org.testng.reporters.JUnitReportReporter -->
<testsuite skipped="0" hostname="minds" name="Tooltip" tests="1" failures="0" timestamp="16 May 2019 05:52:47 GMT" time="13.006" errors="0">
  <testcase name="testTooltip" time="13.006" classname="Tooltip"/>
</testsuite> <!-- Tooltip -->
